<?xml version="1.0" encoding="UTF-8"?>
<!-- Generated by org.testng.reporters.JUnitReportReporter -->
<testsuite hostname="Neeraja-QA01-PC" name="usPayments.Login" tests="1" failures="0" timestamp="10 May 2018 13:34:48 GMT" time="38.737" errors="0">
  <testcase name="logIn" time="38.737" classname="usPayments.Login"/>
</testsuite> <!-- usPayments.Login -->
