<?xml version="1.0" encoding="UTF-8"?>
<!-- Generated by org.testng.reporters.JUnitReportReporter -->
<testsuite hostname="Neeraja-QA01-PC" name="waste.HttpURLConnectionExample2" tests="33" failures="0" timestamp="19 Jan 2018 09:30:21 GMT" time="3.199" errors="0">
  <testcase name="splInstr" time="0.073" classname="waste.HttpURLConnectionExample2"/>
  <testcase name="splInstr" time="0.127" classname="waste.HttpURLConnectionExample2"/>
  <testcase name="splInstr" time="0.075" classname="waste.HttpURLConnectionExample2"/>
  <testcase name="splInstr" time="0.042" classname="waste.HttpURLConnectionExample2"/>
  <testcase name="splInstr" time="0.040" classname="waste.HttpURLConnectionExample2"/>
  <testcase name="splInstr" time="0.053" classname="waste.HttpURLConnectionExample2"/>
  <testcase name="splInstr" time="0.065" classname="waste.HttpURLConnectionExample2"/>
  <testcase name="splInstr" time="0.068" classname="waste.HttpURLConnectionExample2"/>
  <testcase name="splInstr" time="0.042" classname="waste.HttpURLConnectionExample2"/>
  <testcase name="splInstr" time="0.062" classname="waste.HttpURLConnectionExample2"/>
  <testcase name="splInstr" time="0.040" classname="waste.HttpURLConnectionExample2"/>
  <testcase name="splInstr" time="0.069" classname="waste.HttpURLConnectionExample2"/>
  <testcase name="splInstr" time="0.045" classname="waste.HttpURLConnectionExample2"/>
  <testcase name="splInstr" time="0.047" classname="waste.HttpURLConnectionExample2"/>
  <testcase name="splInstr" time="0.078" classname="waste.HttpURLConnectionExample2"/>
  <testcase name="splInstr" time="0.052" classname="waste.HttpURLConnectionExample2"/>
  <testcase name="splInstr" time="0.049" classname="waste.HttpURLConnectionExample2"/>
  <testcase name="splInstr" time="0.276" classname="waste.HttpURLConnectionExample2"/>
  <testcase name="splInstr" time="0.047" classname="waste.HttpURLConnectionExample2"/>
  <testcase name="splInstr" time="0.045" classname="waste.HttpURLConnectionExample2"/>
  <testcase name="splInstr" time="0.050" classname="waste.HttpURLConnectionExample2"/>
  <testcase name="splInstr" time="0.043" classname="waste.HttpURLConnectionExample2"/>
  <testcase name="splInstr" time="0.047" classname="waste.HttpURLConnectionExample2"/>
  <testcase name="splInstr" time="0.049" classname="waste.HttpURLConnectionExample2"/>
  <testcase name="splInstr" time="0.156" classname="waste.HttpURLConnectionExample2"/>
  <testcase name="splInstr" time="0.074" classname="waste.HttpURLConnectionExample2"/>
  <testcase name="splInstr" time="0.044" classname="waste.HttpURLConnectionExample2"/>
  <testcase name="splInstr" time="0.046" classname="waste.HttpURLConnectionExample2"/>
  <testcase name="splInstr" time="0.049" classname="waste.HttpURLConnectionExample2"/>
  <testcase name="splInstr" time="0.066" classname="waste.HttpURLConnectionExample2"/>
  <testcase name="splInstr" time="0.043" classname="waste.HttpURLConnectionExample2"/>
  <testcase name="splInstr" time="0.044" classname="waste.HttpURLConnectionExample2"/>
  <testcase name="splInstr" time="1.093" classname="waste.HttpURLConnectionExample2"/>
</testsuite> <!-- waste.HttpURLConnectionExample2 -->
