<?xml version="1.0" encoding="UTF-8"?>
<!-- Generated by org.testng.reporters.JUnitReportReporter -->
<testsuite hostname="Neeraja-QA01-PC" name="cts.SikuliSetUp" tests="1" failures="0" timestamp="16 Feb 2018 09:29:27 GMT" time="69.111" errors="0">
  <testcase name="sikulisetting" time="69.111" classname="cts.SikuliSetUp"/>
</testsuite> <!-- cts.SikuliSetUp -->
