<?xml version="1.0" encoding="UTF-8"?>
<!-- Generated by org.testng.reporters.JUnitReportReporter -->
<testsuite hostname="Neeraja-QA01-PC" name="loanpages.LoanDisbursment" tests="6" failures="0" timestamp="30 Oct 2017 13:44:25 GMT" time="68.287" errors="0">
  <testcase name="setvoucher" time="1.922" classname="loanpages.LoanDisbursment"/>
  <testcase name="loandisbursmentBeforeAccNo" time="8.558" classname="loanpages.LoanDisbursment"/>
  <testcase name="loandisbursmentAfterAccNo" time="56.060" classname="loanpages.LoanDisbursment"/>
  <testcase name="getVoucherNumber" time="0.595" classname="loanpages.LoanDisbursment"/>
  <testcase name="authloandisbursment" time="0.941" classname="loanpages.LoanDisbursment"/>
  <testcase name="enterloanaccNum" time="0.211" classname="loanpages.LoanDisbursment"/>
</testsuite> <!-- loanpages.LoanDisbursment -->
