<?xml version="1.0" encoding="UTF-8"?>
<!-- Generated by org.testng.reporters.JUnitReportReporter -->
<testsuite hostname="Neeraja-QA01-PC" name="framework.Login" tests="1" failures="0" timestamp="21 Mar 2018 09:07:09 GMT" time="28.578" errors="0">
  <testcase name="login" time="28.578" classname="framework.Login"/>
</testsuite> <!-- framework.Login -->
