<?xml version="1.0" encoding="UTF-8"?>
<!-- Generated by org.testng.reporters.JUnitReportReporter -->
<testsuite hostname="Neeraja-QA01-PC" name="rdpages.RdAccountOpening" tests="1" failures="0" timestamp="1 Dec 2017 10:43:00 GMT" time="678.441" errors="0">
  <testcase name="odaccount" time="678.441" classname="rdpages.RdAccountOpening"/>
</testsuite> <!-- rdpages.RdAccountOpening -->
