<?xml version="1.0" encoding="UTF-8"?>
<!-- Generated by org.testng.reporters.JUnitReportReporter -->
<testsuite hostname="Neeraja-QA01-PC" name="loanpages.LoanAccountCreation" tests="1" failures="0" timestamp="7 Mar 2018 12:36:42 GMT" time="59.134" errors="0">
  <testcase name="loanaccount" time="59.134" classname="loanpages.LoanAccountCreation"/>
</testsuite> <!-- loanpages.LoanAccountCreation -->
