<?xml version="1.0" encoding="UTF-8"?>
<!-- Generated by org.testng.reporters.JUnitReportReporter -->
<testsuite hostname="Neeraja-QA01-PC" name="cts.CtsLogin" tests="1" failures="0" timestamp="23 Feb 2018 05:59:51 GMT" time="2.043" errors="0">
  <testcase name="loanaccount" time="2.043" classname="cts.CtsLogin"/>
</testsuite> <!-- cts.CtsLogin -->
