<?xml version="1.0" encoding="UTF-8"?>
<!-- Generated by org.testng.reporters.JUnitReportReporter -->
<testsuite hostname="Neeraja-QA01-PC" name="odpages.OdAccountCreation" tests="1" failures="0" timestamp="13 Mar 2018 13:25:00 GMT" time="48.580" errors="0">
  <testcase name="odaccount" time="48.580" classname="odpages.OdAccountCreation"/>
</testsuite> <!-- odpages.OdAccountCreation -->
