<?xml version="1.0" encoding="UTF-8"?>
<!-- Generated by org.testng.reporters.JUnitReportReporter -->
<testsuite hostname="Neeraja-QA01-PC" name="robotFrameWork.Testing" tests="1" failures="0" timestamp="27 Feb 2018 06:35:24 GMT" time="15.742" errors="0">
  <testcase name="rrr" time="15.742" classname="robotFrameWork.Testing"/>
</testsuite> <!-- robotFrameWork.Testing -->
