<?xml version="1.0" encoding="UTF-8"?>
<!-- Generated by org.testng.reporters.JUnitReportReporter -->
<testsuite hostname="Neeraja-QA01-PC" name="waste.Api$ReadJsonObject" tests="1" failures="0" timestamp="6 Dec 2017 07:45:34 GMT" time="21.014" errors="0">
  <testcase name="aptTesting" time="21.014" classname="waste.Api$ReadJsonObject"/>
</testsuite> <!-- waste.Api$ReadJsonObject -->
