<?xml version="1.0" encoding="UTF-8"?>
<!-- Generated by org.testng.reporters.JUnitReportReporter -->
<testsuite hostname="Neeraja-QA01-PC" name="pages.LoanDisbursment" tests="6" failures="0" timestamp="30 Oct 2017 12:55:13 GMT" time="68.245" errors="0">
  <testcase name="getVoucherNumber" time="0.582" classname="pages.LoanDisbursment"/>
  <testcase name="setvoucher" time="1.949" classname="pages.LoanDisbursment"/>
  <testcase name="loandisbursmentBeforeAccNo" time="8.361" classname="pages.LoanDisbursment"/>
  <testcase name="enterloanaccNum" time="0.285" classname="pages.LoanDisbursment"/>
  <testcase name="authloandisbursment" time="1.034" classname="pages.LoanDisbursment"/>
  <testcase name="loandisbursmentAfterAccNo" time="56.034" classname="pages.LoanDisbursment"/>
</testsuite> <!-- pages.LoanDisbursment -->
