<?xml version="1.0" encoding="UTF-8"?>
<!-- Generated by org.testng.reporters.JUnitReportReporter -->
<testsuite hostname="Neeraja-QA01-PC" name="usPayments.Resolution" tests="1" failures="0" timestamp="23 Feb 2018 06:00:37 GMT" time="0.024" errors="0">
  <testcase name="resolution" time="0.024" classname="usPayments.Resolution"/>
</testsuite> <!-- usPayments.Resolution -->
