<?xml version="1.0" encoding="UTF-8"?>
<!-- Generated by org.testng.reporters.JUnitReportReporter -->
<testsuite hostname="Neeraja-QA01-PC" name="fdPages.FdAccountCreation" tests="1" failures="0" timestamp="4 Jan 2018 06:46:48 GMT" time="0.004" errors="0">
  <testcase name="loanaccount" time="0.004" classname="fdPages.FdAccountCreation"/>
</testsuite> <!-- fdPages.FdAccountCreation -->
