<?xml version="1.0" encoding="UTF-8"?>
<!-- Generated by org.testng.reporters.JUnitReportReporter -->
<testsuite hostname="Neeraja-QA01-PC" name="cts.AccountEntry" tests="1" failures="0" timestamp="19 Feb 2018 12:01:37 GMT" time="3042.378" errors="0">
  <testcase name="enterAccountNumber" time="3042.378" classname="cts.AccountEntry"/>
</testsuite> <!-- cts.AccountEntry -->
