<?xml version="1.0" encoding="UTF-8"?>
<!-- Generated by org.testng.reporters.JUnitReportReporter -->
<testsuite hostname="Neeraja-QA01-PC" name="waste.Annotations" tests="2" failures="0" timestamp="23 Jul 2018 10:53:41 GMT" time="0.010" errors="0">
  <testcase name="test1" time="0.008" classname="waste.Annotations"/>
  <testcase name="test5" time="0.002" classname="waste.Annotations"/>
</testsuite> <!-- waste.Annotations -->
