<?xml version="1.0" encoding="UTF-8"?>
<!-- Generated by org.testng.reporters.JUnitReportReporter -->
<testsuite hostname="Neeraja-QA01-PC" name="cts.L1RejectRepair" tests="1" failures="0" timestamp="14 Feb 2018 11:41:28 GMT" time="94.912" errors="0">
  <testcase name="sikulisetting" time="94.912" classname="cts.L1RejectRepair"/>
</testsuite> <!-- cts.L1RejectRepair -->
