<?xml version="1.0" encoding="UTF-8"?>
<!-- Generated by org.testng.reporters.JUnitReportReporter -->
<testsuite hostname="Neeraja-QA01-PC" name="waste.test2" tests="2" failures="0" timestamp="11 Jun 2018 07:53:16 GMT" time="0.009" errors="0">
  <testcase name="test" time="0.009" classname="waste.test2"/>
  <testcase name="tt" time="0.000" classname="waste.test2"/>
</testsuite> <!-- waste.test2 -->
