<?xml version="1.0" encoding="UTF-8"?>
<!-- Generated by org.testng.reporters.JUnitReportReporter -->
<testsuite hostname="Neeraja-QA01-PC" name="seo.AdharValut" tests="100" failures="0" timestamp="27 Feb 2018 11:15:03 GMT" time="2448.725" errors="0">
  <testcase name="rerun" time="18.700" classname="seo.AdharValut"/>
  <testcase name="rerun" time="24.092" classname="seo.AdharValut"/>
  <testcase name="rerun" time="18.134" classname="seo.AdharValut"/>
  <testcase name="rerun" time="19.255" classname="seo.AdharValut"/>
  <testcase name="rerun" time="24.065" classname="seo.AdharValut"/>
  <testcase name="rerun" time="10.729" classname="seo.AdharValut"/>
  <testcase name="rerun" time="23.161" classname="seo.AdharValut"/>
  <testcase name="rerun" time="20.231" classname="seo.AdharValut"/>
  <testcase name="rerun" time="17.665" classname="seo.AdharValut"/>
  <testcase name="rerun" time="25.609" classname="seo.AdharValut"/>
  <testcase name="rerun" time="11.566" classname="seo.AdharValut"/>
  <testcase name="rerun" time="27.728" classname="seo.AdharValut"/>
  <testcase name="rerun" time="20.863" classname="seo.AdharValut"/>
  <testcase name="rerun" time="21.875" classname="seo.AdharValut"/>
  <testcase name="rerun" time="18.389" classname="seo.AdharValut"/>
  <testcase name="rerun" time="24.444" classname="seo.AdharValut"/>
  <testcase name="rerun" time="25.659" classname="seo.AdharValut"/>
  <testcase name="rerun" time="23.000" classname="seo.AdharValut"/>
  <testcase name="rerun" time="20.339" classname="seo.AdharValut"/>
  <testcase name="rerun" time="21.260" classname="seo.AdharValut"/>
  <testcase name="rerun" time="19.170" classname="seo.AdharValut"/>
  <testcase name="rerun" time="9.897" classname="seo.AdharValut"/>
  <testcase name="rerun" time="19.451" classname="seo.AdharValut"/>
  <testcase name="rerun" time="27.181" classname="seo.AdharValut"/>
  <testcase name="rerun" time="13.205" classname="seo.AdharValut"/>
  <testcase name="rerun" time="22.702" classname="seo.AdharValut"/>
  <testcase name="rerun" time="16.882" classname="seo.AdharValut"/>
  <testcase name="rerun" time="20.787" classname="seo.AdharValut"/>
  <testcase name="rerun" time="19.478" classname="seo.AdharValut"/>
  <testcase name="rerun" time="17.275" classname="seo.AdharValut"/>
  <testcase name="rerun" time="24.175" classname="seo.AdharValut"/>
  <testcase name="rerun" time="22.086" classname="seo.AdharValut"/>
  <testcase name="rerun" time="261.860" classname="seo.AdharValut"/>
  <testcase name="rerun" time="21.171" classname="seo.AdharValut"/>
  <testcase name="rerun" time="18.797" classname="seo.AdharValut"/>
  <testcase name="rerun" time="19.916" classname="seo.AdharValut"/>
  <testcase name="rerun" time="15.357" classname="seo.AdharValut"/>
  <testcase name="rerun" time="19.262" classname="seo.AdharValut"/>
  <testcase name="rerun" time="19.992" classname="seo.AdharValut"/>
  <testcase name="rerun" time="24.504" classname="seo.AdharValut"/>
  <testcase name="rerun" time="19.083" classname="seo.AdharValut"/>
  <testcase name="rerun" time="18.890" classname="seo.AdharValut"/>
  <testcase name="rerun" time="17.335" classname="seo.AdharValut"/>
  <testcase name="rerun" time="16.897" classname="seo.AdharValut"/>
  <testcase name="rerun" time="20.149" classname="seo.AdharValut"/>
  <testcase name="rerun" time="21.811" classname="seo.AdharValut"/>
  <testcase name="rerun" time="26.541" classname="seo.AdharValut"/>
  <testcase name="rerun" time="20.116" classname="seo.AdharValut"/>
  <testcase name="rerun" time="21.126" classname="seo.AdharValut"/>
  <testcase name="rerun" time="10.777" classname="seo.AdharValut"/>
  <testcase name="rerun" time="16.898" classname="seo.AdharValut"/>
  <testcase name="rerun" time="17.911" classname="seo.AdharValut"/>
  <testcase name="rerun" time="18.983" classname="seo.AdharValut"/>
  <testcase name="rerun" time="15.045" classname="seo.AdharValut"/>
  <testcase name="rerun" time="15.893" classname="seo.AdharValut"/>
  <testcase name="rerun" time="17.216" classname="seo.AdharValut"/>
  <testcase name="rerun" time="17.287" classname="seo.AdharValut"/>
  <testcase name="rerun" time="20.661" classname="seo.AdharValut"/>
  <testcase name="rerun" time="17.342" classname="seo.AdharValut"/>
  <testcase name="rerun" time="11.346" classname="seo.AdharValut"/>
  <testcase name="rerun" time="17.522" classname="seo.AdharValut"/>
  <testcase name="rerun" time="23.148" classname="seo.AdharValut"/>
  <testcase name="rerun" time="22.821" classname="seo.AdharValut"/>
  <testcase name="rerun" time="17.224" classname="seo.AdharValut"/>
  <testcase name="rerun" time="17.666" classname="seo.AdharValut"/>
  <testcase name="rerun" time="22.568" classname="seo.AdharValut"/>
  <testcase name="rerun" time="21.107" classname="seo.AdharValut"/>
  <testcase name="rerun" time="23.265" classname="seo.AdharValut"/>
  <testcase name="rerun" time="19.312" classname="seo.AdharValut"/>
  <testcase name="rerun" time="258.732" classname="seo.AdharValut"/>
  <testcase name="rerun" time="18.297" classname="seo.AdharValut"/>
  <testcase name="rerun" time="25.116" classname="seo.AdharValut"/>
  <testcase name="rerun" time="16.428" classname="seo.AdharValut"/>
  <testcase name="rerun" time="22.511" classname="seo.AdharValut"/>
  <testcase name="rerun" time="19.643" classname="seo.AdharValut"/>
  <testcase name="rerun" time="27.621" classname="seo.AdharValut"/>
  <testcase name="rerun" time="23.223" classname="seo.AdharValut"/>
  <testcase name="rerun" time="21.286" classname="seo.AdharValut"/>
  <testcase name="rerun" time="20.541" classname="seo.AdharValut"/>
  <testcase name="rerun" time="17.521" classname="seo.AdharValut"/>
  <testcase name="rerun" time="20.108" classname="seo.AdharValut"/>
  <testcase name="rerun" time="18.501" classname="seo.AdharValut"/>
  <testcase name="rerun" time="18.444" classname="seo.AdharValut"/>
  <testcase name="rerun" time="19.083" classname="seo.AdharValut"/>
  <testcase name="rerun" time="17.495" classname="seo.AdharValut"/>
  <testcase name="rerun" time="18.133" classname="seo.AdharValut"/>
  <testcase name="rerun" time="18.920" classname="seo.AdharValut"/>
  <testcase name="rerun" time="24.778" classname="seo.AdharValut"/>
  <testcase name="rerun" time="16.069" classname="seo.AdharValut"/>
  <testcase name="rerun" time="21.891" classname="seo.AdharValut"/>
  <testcase name="rerun" time="17.029" classname="seo.AdharValut"/>
  <testcase name="rerun" time="19.378" classname="seo.AdharValut"/>
  <testcase name="rerun" time="17.655" classname="seo.AdharValut"/>
  <testcase name="rerun" time="17.392" classname="seo.AdharValut"/>
  <testcase name="rerun" time="24.110" classname="seo.AdharValut"/>
  <testcase name="rerun" time="20.555" classname="seo.AdharValut"/>
  <testcase name="rerun" time="19.981" classname="seo.AdharValut"/>
  <testcase name="rerun" time="12.806" classname="seo.AdharValut"/>
  <testcase name="rerun" time="16.650" classname="seo.AdharValut"/>
  <testcase name="rerun" time="22.976" classname="seo.AdharValut"/>
</testsuite> <!-- seo.AdharValut -->
