<?xml version="1.0" encoding="UTF-8"?>
<!-- Generated by org.testng.reporters.JUnitReportReporter -->
<testsuite hostname="Neeraja-QA01-PC" name="utilities.AccountModification" tests="1" failures="0" timestamp="14 Dec 2017 11:51:08 GMT" time="10.841" errors="0">
  <testcase name="login" time="10.841" classname="utilities.AccountModification"/>
</testsuite> <!-- utilities.AccountModification -->
