<?xml version="1.0" encoding="UTF-8"?>
<!-- Generated by org.testng.reporters.JUnitReportReporter -->
<testsuite hostname="Neeraja-QA01-PC" name="getAutomation.AddressGetCall" tests="15" failures="0" timestamp="19 Jan 2018 14:08:21 GMT" time="1.640" errors="0">
  <testcase name="getRequestFindCapital" time="0.042" classname="getAutomation.AddressGetCall"/>
  <testcase name="getRequestFindCapital" time="0.040" classname="getAutomation.AddressGetCall"/>
  <testcase name="getRequestFindCapital" time="0.050" classname="getAutomation.AddressGetCall"/>
  <testcase name="getRequestFindCapital" time="0.049" classname="getAutomation.AddressGetCall"/>
  <testcase name="getRequestFindCapital" time="0.046" classname="getAutomation.AddressGetCall"/>
  <testcase name="getRequestFindCapital" time="0.041" classname="getAutomation.AddressGetCall"/>
  <testcase name="getRequestFindCapital" time="0.045" classname="getAutomation.AddressGetCall"/>
  <testcase name="getRequestFindCapital" time="0.045" classname="getAutomation.AddressGetCall"/>
  <testcase name="getRequestFindCapital" time="0.871" classname="getAutomation.AddressGetCall"/>
  <testcase name="getRequestFindCapital" time="0.042" classname="getAutomation.AddressGetCall"/>
  <testcase name="getRequestFindCapital" time="0.042" classname="getAutomation.AddressGetCall"/>
  <testcase name="getRequestFindCapital" time="0.193" classname="getAutomation.AddressGetCall"/>
  <testcase name="getRequestFindCapital" time="0.047" classname="getAutomation.AddressGetCall"/>
  <testcase name="getRequestFindCapital" time="0.044" classname="getAutomation.AddressGetCall"/>
  <testcase name="getRequestFindCapital" time="0.043" classname="getAutomation.AddressGetCall"/>
</testsuite> <!-- getAutomation.AddressGetCall -->
