<?xml version="1.0" encoding="UTF-8"?>
<!-- Generated by org.testng.reporters.JUnitReportReporter -->
<testsuite hostname="Neeraja-QA01-PC" name="KYC.KycCreation" tests="1" failures="0" timestamp="5 Jan 2018 06:30:21 GMT" time="870.398" errors="0">
  <testcase name="kycCreation" time="870.398" classname="KYC.KycCreation"/>
</testsuite> <!-- KYC.KycCreation -->
