<?xml version="1.0" encoding="UTF-8"?>
<!-- Generated by org.testng.reporters.JUnitReportReporter -->
<testsuite hostname="Neeraja-QA01-PC" name="extras.Passing" tests="1" failures="0" timestamp="20 Oct 2017 07:42:12 GMT" time="2372.167" errors="0">
  <testcase name="pass" time="2372.167" classname="extras.Passing"/>
</testsuite> <!-- extras.Passing -->
