<?xml version="1.0" encoding="UTF-8"?>
<!-- Generated by org.testng.reporters.JUnitReportReporter -->
<testsuite hostname="Neeraja-QA01-PC" name="pages.LoanAccountCreation" tests="4" failures="0" timestamp="30 Oct 2017 12:55:13 GMT" time="52.331" errors="0">
  <testcase name="loanaccountPassing" time="19.314" classname="pages.LoanAccountCreation"/>
  <testcase name="loanaccount" time="21.897" classname="pages.LoanAccountCreation"/>
  <testcase name="login" time="10.715" classname="pages.LoanAccountCreation"/>
  <testcase name="getLoanAccountNumber" time="0.405" classname="pages.LoanAccountCreation"/>
</testsuite> <!-- pages.LoanAccountCreation -->
