<?xml version="1.0" encoding="UTF-8"?>
<!-- Generated by org.testng.reporters.JUnitReportReporter -->
<testsuite hostname="Neeraja-QA01-PC" name="waste.sstring" tests="1" failures="0" timestamp="7 Jun 2018 06:10:21 GMT" time="0.009" errors="0">
  <testcase name="test" time="0.009" classname="waste.sstring"/>
</testsuite> <!-- waste.sstring -->
