<?xml version="1.0" encoding="UTF-8"?>
<!-- Generated by org.testng.reporters.JUnitReportReporter -->
<testsuite hostname="Neeraja-QA01-PC" name="waste.Parent" tests="1" failures="0" timestamp="2 Jan 2018 10:07:49 GMT" time="1.926" errors="0">
  <testcase name="parentwin" time="1.926" classname="waste.Parent"/>
</testsuite> <!-- waste.Parent -->
