<?xml version="1.0" encoding="UTF-8"?>
<!-- Generated by org.testng.reporters.JUnitReportReporter -->
<testsuite hostname="Neeraja-QA01-PC" name="accountClosure.Savings" tests="1" failures="0" timestamp="5 Dec 2017 14:17:20 GMT" time="13.696" errors="0">
  <testcase name="savingClosure" time="13.696" classname="accountClosure.Savings"/>
</testsuite> <!-- accountClosure.Savings -->
