<?xml version="1.0" encoding="UTF-8"?>
<!-- Generated by org.testng.reporters.JUnitReportReporter -->
<testsuite hostname="Neeraja-QA01-PC" name="apiUrlLoading.Api" tests="1" failures="0" timestamp="22 Jan 2018 10:02:07 GMT" time="1.068" errors="0">
  <testcase name="getRequestFindCapital" time="1.068" classname="apiUrlLoading.Api"/>
</testsuite> <!-- apiUrlLoading.Api -->
