<?xml version="1.0" encoding="UTF-8"?>
<!-- Generated by org.testng.reporters.JUnitReportReporter -->
<testsuite hostname="Neeraja-QA01-PC" name="appium.Gallery" tests="1" failures="0" timestamp="6 Feb 2018 10:49:56 GMT" time="11.638" errors="0">
  <testcase name="workWithGallery" time="11.638" classname="appium.Gallery"/>
</testsuite> <!-- appium.Gallery -->
