<?xml version="1.0" encoding="UTF-8"?>
<!-- Generated by org.testng.reporters.JUnitReportReporter -->
<testsuite hostname="Neeraja-QA01-PC" name="cts.AmountEntry" tests="1" failures="0" timestamp="23 Feb 2018 05:58:39 GMT" time="0.025" errors="0">
  <testcase name="sikulisetting" time="0.025" classname="cts.AmountEntry"/>
</testsuite> <!-- cts.AmountEntry -->
