<?xml version="1.0" encoding="UTF-8"?>
<!-- Generated by org.testng.reporters.JUnitReportReporter -->
<testsuite hostname="Neeraja-QA01-PC" name="pages.LoginPage" tests="10" failures="0" timestamp="30 Oct 2017 12:27:35 GMT" time="122.764" errors="0">
  <testcase name="login" time="11.738" classname="pages.LoginPage"/>
  <testcase name="getLoanAccountNumber" time="0.580" classname="pages.LoginPage"/>
  <testcase name="loandisbursmentAfterAccNo" time="55.735" classname="pages.LoginPage"/>
  <testcase name="getVoucherNumber" time="0.559" classname="pages.LoginPage"/>
  <testcase name="enterloanaccNum" time="0.157" classname="pages.LoginPage"/>
  <testcase name="setvoucher" time="1.892" classname="pages.LoginPage"/>
  <testcase name="loanaccountPassing" time="18.556" classname="pages.LoginPage"/>
  <testcase name="loandisbursmentBeforeAccNo" time="8.206" classname="pages.LoginPage"/>
  <testcase name="authloandisbursment" time="5.074" classname="pages.LoginPage"/>
  <testcase name="loanaccount" time="20.267" classname="pages.LoginPage"/>
</testsuite> <!-- pages.LoginPage -->
