<?xml version="1.0" encoding="UTF-8"?>
<!-- Generated by org.testng.reporters.JUnitReportReporter -->
<testsuite hostname="Neeraja-QA01-PC" name="waste.SkipFailedTest" tests="1" failures="0" timestamp="18 Jan 2018 09:40:13 GMT" time="21.755" errors="0">
  <testcase name="skipTest" time="21.755" classname="waste.SkipFailedTest"/>
</testsuite> <!-- waste.SkipFailedTest -->
