<?xml version="1.0" encoding="UTF-8"?>
<!-- Generated by org.testng.reporters.JUnitReportReporter -->
<testsuite hostname="Neeraja-QA01-PC" name="waste.UrlPrinting" tests="1" failures="0" timestamp="19 Jan 2018 11:17:25 GMT" time="0.144" errors="0">
  <testcase name="testurl" time="0.144" classname="waste.UrlPrinting"/>
</testsuite> <!-- waste.UrlPrinting -->
