<?xml version="1.0" encoding="UTF-8"?>
<!-- Generated by org.testng.reporters.JUnitReportReporter -->
<testsuite hostname="Neeraja-QA01-PC" name="currentpages.CurrentAccountCreation" tests="1" failures="0" timestamp="8 Mar 2018 09:43:07 GMT" time="59.352" errors="0">
  <testcase name="currentaccount" time="59.352" classname="currentpages.CurrentAccountCreation"/>
</testsuite> <!-- currentpages.CurrentAccountCreation -->
