<?xml version="1.0" encoding="UTF-8"?>
<!-- Generated by org.testng.reporters.JUnitReportReporter -->
<testsuite hostname="Neeraja-QA01-PC" name="savingpages.SavingAccountCreation" tests="1" failures="0" timestamp="26 Mar 2018 12:27:06 GMT" time="15.409" errors="0">
  <testcase name="savingaccount" time="15.409" classname="savingpages.SavingAccountCreation"/>
</testsuite> <!-- savingpages.SavingAccountCreation -->
